#
# A fatal error has been detected by the Java Runtime Environment:
#
#  EXCEPTION_ACCESS_VIOLATION (0xc0000005) at pc=0xffffffffa30e5120, pid=956, tid=0x0000000000002034
#
# JRE version: Java(TM) SE Runtime Environment (8.0_181-b13) (build 1.8.0_181-b13)
# Java VM: Java HotSpot(TM) 64-Bit Server VM (25.181-b13 mixed mode windows-amd64 compressed oops)
# Problematic frame:
# C  0xffffffffa30e5120
#
# Failed to write core dump. Minidumps are not enabled by default on client versions of Windows
#
# If you would like to submit a bug report, please visit:
#   http://bugreport.java.com/bugreport/crash.jsp
#

---------------  T H R E A D  ---------------

Current thread (0x0000000016a82000):  JavaThread "AWT-EventQueue-0" [_thread_in_Java, id=8244, stack(0x0000000019ea0000,0x0000000019fa0000)]

siginfo: ExceptionCode=0xc0000005, ExceptionInformation=0x0000000000000008 0xffffffffa30e5120

Registers:
RAX=0x000000001d971160, RBX=0x000000001d971160, RCX=0x000000001d9717f0, RDX=0x00000000f170b089
RSP=0x0000000019f99a08, RBP=0x0000000019f99a70, RSI=0x00000000b235fa09, RDI=0x00000000000824f8
R8 =0x000000004a082c01, R9 =0x000000006a8e3e7b, R10=0x00000000542c46d0, R11=0x0000000002586c80
R12=0x0000000000000000, R13=0x0000000019f99a20, R14=0x0000000019f99ae8, R15=0x0000000016a82000
RIP=0xffffffffa30e5120, EFLAGS=0x0000000000010202

Top of Stack: (sp=0x0000000019f99a08)
0x0000000019f99a08:   00000000020e7ae0 000000006a8e3e7b
0x0000000019f99a18:   00000000020e7ae0 00000000f170b089
0x0000000019f99a28:   00000000278e0e8d 0000000019f99a30
0x0000000019f99a38:   000000001d9713d1 0000000019f99ae8
0x0000000019f99a48:   000000001d9717f0 0000000000000000
0x0000000019f99a58:   000000001d9714b0 0000000019f99a20
0x0000000019f99a68:   0000000019f99af0 0000000019f99c88
0x0000000019f99a78:   0000000002592d74 00000000abd740d8
0x0000000019f99a88:   00000000064a069f 0000000000000006
0x0000000019f99a98:   00000000278e0e8d 000000009a75184f
0x0000000019f99aa8:   0000000013646bf4 00000000f170b089
0x0000000019f99ab8:   000000006a8e3e7b 00000000da282d85
0x0000000019f99ac8:   00000000439e2921 00000000b2214777
0x0000000019f99ad8:   0000000000000380 00000000eae401d0
0x0000000019f99ae8:   00000000eae40680 000000001d6db948
0x0000000019f99af8:   0000000000000000 0000000000000000 

Instructions: (pc=0xffffffffa30e5120)
0xffffffffa30e5100:   
[error occurred during error reporting (printing registers, top of stack, instructions near pc), id 0xc0000005]

Register to memory mapping:

RAX={method} {0x000000001d971168} 'lf_sigma1' '(I)I' in 'sun/security/provider/SHA2'
RBX={method} {0x000000001d971168} 'lf_sigma1' '(I)I' in 'sun/security/provider/SHA2'
RCX=0x000000001d9717f0 is pointing into metadata
RDX=0x00000000f170b089 is an unallocated location in the heap
RSP=0x0000000019f99a08 is pointing into the stack for thread: 0x0000000016a82000
RBP=0x0000000019f99a70 is pointing into the stack for thread: 0x0000000016a82000
RSI=0x00000000b235fa09 is an unknown value
RDI=0x00000000000824f8 is an unknown value
R8 =0x000000004a082c01 is an unknown value
R9 =0x000000006a8e3e7b is an unknown value
R10=0x00000000542c46d0 is an unknown value
R11=0x0000000002586c80 is at entry_point+0 in (nmethod*)0x0000000002586b10
R12=0x0000000000000000 is an unknown value
R13=0x0000000019f99a20 is pointing into the stack for thread: 0x0000000016a82000
R14=0x0000000019f99ae8 is pointing into the stack for thread: 0x0000000016a82000
R15=0x0000000016a82000 is a thread


Stack: [0x0000000019ea0000,0x0000000019fa0000],  sp=0x0000000019f99a08,  free space=998k
Native frames: (J=compiled Java code, j=interpreted, Vv=VM code, C=native code)
C  0xffffffffa30e5120


---------------  P R O C E S S  ---------------

Java Threads: ( => current thread )
  0x0000000016245000 JavaThread "TimerQueue" daemon [_thread_blocked, id=780, stack(0x000000001c030000,0x000000001c130000)]
  0x0000000016baa000 JavaThread "D3D Screen Updater" daemon [_thread_blocked, id=5028, stack(0x000000001aa90000,0x000000001ab90000)]
  0x00000000020ce800 JavaThread "DestroyJavaVM" [_thread_blocked, id=2524, stack(0x00000000006f0000,0x00000000007f0000)]
=>0x0000000016a82000 JavaThread "AWT-EventQueue-0" [_thread_in_Java, id=8244, stack(0x0000000019ea0000,0x0000000019fa0000)]
  0x0000000016a0c800 JavaThread "AWT-Windows" daemon [_thread_in_native, id=2880, stack(0x00000000173a0000,0x00000000174a0000)]
  0x0000000016a09000 JavaThread "AWT-Shutdown" [_thread_blocked, id=12652, stack(0x00000000172a0000,0x00000000173a0000)]
  0x0000000016a08000 JavaThread "Java2D Disposer" daemon [_thread_blocked, id=3612, stack(0x00000000170e0000,0x00000000171e0000)]
  0x00000000161a6000 JavaThread "Service Thread" daemon [_thread_blocked, id=3608, stack(0x0000000016570000,0x0000000016670000)]
  0x00000000147e0800 JavaThread "C1 CompilerThread2" daemon [_thread_blocked, id=2260, stack(0x0000000016070000,0x0000000016170000)]
  0x00000000147d1000 JavaThread "C2 CompilerThread1" daemon [_thread_blocked, id=1844, stack(0x0000000015f70000,0x0000000016070000)]
  0x00000000147cd800 JavaThread "C2 CompilerThread0" daemon [_thread_blocked, id=1756, stack(0x0000000015e70000,0x0000000015f70000)]
  0x00000000147cc000 JavaThread "Attach Listener" daemon [_thread_blocked, id=3528, stack(0x0000000015d70000,0x0000000015e70000)]
  0x00000000147ca800 JavaThread "Signal Dispatcher" daemon [_thread_blocked, id=3532, stack(0x0000000015c70000,0x0000000015d70000)]
  0x00000000020ab800 JavaThread "Finalizer" daemon [_thread_blocked, id=5344, stack(0x0000000015a20000,0x0000000015b20000)]
  0x00000000020a2000 JavaThread "Reference Handler" daemon [_thread_blocked, id=8876, stack(0x0000000015920000,0x0000000015a20000)]

Other Threads:
  0x0000000014797000 VMThread [stack: 0x0000000015820000,0x0000000015920000] [id=2764]
  0x00000000161a8000 WatcherThread [stack: 0x0000000016670000,0x0000000016770000] [id=11220]

VM state:not at safepoint (normal execution)

VM Mutex/Monitor currently owned by a thread: None

Heap:
 PSYoungGen      total 18944K, used 6025K [0x00000000eab00000, 0x00000000ecd00000, 0x0000000100000000)
  eden space 16384K, 21% used [0x00000000eab00000,0x00000000eae66120,0x00000000ebb00000)
  from space 2560K, 99% used [0x00000000ebb00000,0x00000000ebd7c450,0x00000000ebd80000)
  to   space 2560K, 0% used [0x00000000eca80000,0x00000000eca80000,0x00000000ecd00000)
 ParOldGen       total 30720K, used 7704K [0x00000000c0000000, 0x00000000c1e00000, 0x00000000eab00000)
  object space 30720K, 25% used [0x00000000c0000000,0x00000000c0786108,0x00000000c1e00000)
 Metaspace       used 24470K, capacity 24780K, committed 25088K, reserved 1071104K
  class space    used 3093K, capacity 3230K, committed 3328K, reserved 1048576K

Card table byte_map: [0x00000000114a0000,0x00000000116b0000] byte_map_base: 0x0000000010ea0000

Marking Bits: (ParMarkBitMap*) 0x00000000542e2d00
 Begin Bits: [0x0000000011c10000, 0x0000000012c10000)
 End Bits:   [0x0000000012c10000, 0x0000000013c10000)

Polling page: 0x00000000001e0000

CodeCache: size=245760Kb used=5553Kb max_used=5553Kb free=240206Kb
 bounds [0x00000000020e0000, 0x0000000002660000, 0x00000000110e0000]
 total_blobs=2337 nmethods=1808 adapters=443
 compilation: enabled

Compilation events (10 events):
Event: 8.170 Thread 0x00000000147e0800 nmethod 1800 0x00000000026469d0 code [0x0000000002646ba0, 0x00000000026472a8]
Event: 8.170 Thread 0x00000000147e0800 1801       3       sun.security.util.DerValue::getOctetString (146 bytes)
Event: 8.171 Thread 0x00000000147e0800 nmethod 1801 0x0000000002647a90 code [0x0000000002647d80, 0x00000000026497d8]
Event: 8.171 Thread 0x00000000147e0800 1802       3       sun.util.calendar.BaseCalendar::getFixedDate (324 bytes)
Event: 8.171 Thread 0x00000000147cd800 1803       4       sun.security.provider.SHA2::lf_sigma1 (21 bytes)
Event: 8.171 Thread 0x00000000147d1000 1804       4       sun.security.provider.SHA2::lf_sigma0 (20 bytes)
Event: 8.172 Thread 0x00000000147d1000 nmethod 1804 0x0000000002632410 code [0x0000000002632540, 0x0000000002632598]
Event: 8.172 Thread 0x00000000147d1000 1807       4       sun.security.provider.SHA2::lf_delta1 (21 bytes)
Event: 8.172 Thread 0x00000000147cd800 nmethod 1803 0x0000000002635f10 code [0x0000000002636040, 0x0000000002636098]
Event: 8.172 Thread 0x00000000147cd800 1808       4       sun.security.provider.SHA2::lf_delta0 (20 bytes)

GC Heap History (8 events):
Event: 7.253 GC heap before
{Heap before GC invocations=1 (full 0):
 PSYoungGen      total 18944K, used 16384K [0x00000000eab00000, 0x00000000ec000000, 0x0000000100000000)
  eden space 16384K, 100% used [0x00000000eab00000,0x00000000ebb00000,0x00000000ebb00000)
  from space 2560K, 0% used [0x00000000ebd80000,0x00000000ebd80000,0x00000000ec000000)
  to   space 2560K, 0% used [0x00000000ebb00000,0x00000000ebb00000,0x00000000ebd80000)
 ParOldGen       total 44032K, used 0K [0x00000000c0000000, 0x00000000c2b00000, 0x00000000eab00000)
  object space 44032K, 0% used [0x00000000c0000000,0x00000000c0000000,0x00000000c2b00000)
 Metaspace       used 16310K, capacity 16560K, committed 16768K, reserved 1064960K
  class space    used 2004K, capacity 2098K, committed 2176K, reserved 1048576K
Event: 7.265 GC heap after
Heap after GC invocations=1 (full 0):
 PSYoungGen      total 18944K, used 2543K [0x00000000eab00000, 0x00000000ec000000, 0x0000000100000000)
  eden space 16384K, 0% used [0x00000000eab00000,0x00000000eab00000,0x00000000ebb00000)
  from space 2560K, 99% used [0x00000000ebb00000,0x00000000ebd7bc40,0x00000000ebd80000)
  to   space 2560K, 0% used [0x00000000ebd80000,0x00000000ebd80000,0x00000000ec000000)
 ParOldGen       total 44032K, used 1504K [0x00000000c0000000, 0x00000000c2b00000, 0x00000000eab00000)
  object space 44032K, 3% used [0x00000000c0000000,0x00000000c01780f8,0x00000000c2b00000)
 Metaspace       used 16310K, capacity 16560K, committed 16768K, reserved 1064960K
  class space    used 2004K, capacity 2098K, committed 2176K, reserved 1048576K
}
Event: 7.633 GC heap before
{Heap before GC invocations=2 (full 0):
 PSYoungGen      total 18944K, used 18874K [0x00000000eab00000, 0x00000000ec000000, 0x0000000100000000)
  eden space 16384K, 99% used [0x00000000eab00000,0x00000000ebaf2cd0,0x00000000ebb00000)
  from space 2560K, 99% used [0x00000000ebb00000,0x00000000ebd7bc40,0x00000000ebd80000)
  to   space 2560K, 0% used [0x00000000ebd80000,0x00000000ebd80000,0x00000000ec000000)
 ParOldGen       total 44032K, used 1504K [0x00000000c0000000, 0x00000000c2b00000, 0x00000000eab00000)
  object space 44032K, 3% used [0x00000000c0000000,0x00000000c01780f8,0x00000000c2b00000)
 Metaspace       used 20901K, capacity 21104K, committed 21296K, reserved 1069056K
  class space    used 2545K, capacity 2610K, committed 2688K, reserved 1048576K
Event: 7.647 GC heap after
Heap after GC invocations=2 (full 0):
 PSYoungGen      total 18944K, used 2528K [0x00000000eab00000, 0x00000000ed000000, 0x0000000100000000)
  eden space 16384K, 0% used [0x00000000eab00000,0x00000000eab00000,0x00000000ebb00000)
  from space 2560K, 98% used [0x00000000ebd80000,0x00000000ebff8020,0x00000000ec000000)
  to   space 2560K, 0% used [0x00000000ebb00000,0x00000000ebb00000,0x00000000ebd80000)
 ParOldGen       total 44032K, used 5236K [0x00000000c0000000, 0x00000000c2b00000, 0x00000000eab00000)
  object space 44032K, 11% used [0x00000000c0000000,0x00000000c051d1e0,0x00000000c2b00000)
 Metaspace       used 20901K, capacity 21104K, committed 21296K, reserved 1069056K
  class space    used 2545K, capacity 2610K, committed 2688K, reserved 1048576K
}
Event: 7.647 GC heap before
{Heap before GC invocations=3 (full 1):
 PSYoungGen      total 18944K, used 2528K [0x00000000eab00000, 0x00000000ed000000, 0x0000000100000000)
  eden space 16384K, 0% used [0x00000000eab00000,0x00000000eab00000,0x00000000ebb00000)
  from space 2560K, 98% used [0x00000000ebd80000,0x00000000ebff8020,0x00000000ec000000)
  to   space 2560K, 0% used [0x00000000ebb00000,0x00000000ebb00000,0x00000000ebd80000)
 ParOldGen       total 44032K, used 5236K [0x00000000c0000000, 0x00000000c2b00000, 0x00000000eab00000)
  object space 44032K, 11% used [0x00000000c0000000,0x00000000c051d1e0,0x00000000c2b00000)
 Metaspace       used 20901K, capacity 21104K, committed 21296K, reserved 1069056K
  class space    used 2545K, capacity 2610K, committed 2688K, reserved 1048576K
Event: 7.681 GC heap after
Heap after GC invocations=3 (full 1):
 PSYoungGen      total 18944K, used 0K [0x00000000eab00000, 0x00000000ed000000, 0x0000000100000000)
  eden space 16384K, 0% used [0x00000000eab00000,0x00000000eab00000,0x00000000ebb00000)
  from space 2560K, 0% used [0x00000000ebd80000,0x00000000ebd80000,0x00000000ec000000)
  to   space 2560K, 0% used [0x00000000ebb00000,0x00000000ebb00000,0x00000000ebd80000)
 ParOldGen       total 30720K, used 6209K [0x00000000c0000000, 0x00000000c1e00000, 0x00000000eab00000)
  object space 30720K, 20% used [0x00000000c0000000,0x00000000c0610428,0x00000000c1e00000)
 Metaspace       used 20901K, capacity 21104K, committed 21296K, reserved 1069056K
  class space    used 2545K, capacity 2610K, committed 2688K, reserved 1048576K
}
Event: 8.128 GC heap before
{Heap before GC invocations=4 (full 1):
 PSYoungGen      total 18944K, used 16384K [0x00000000eab00000, 0x00000000ed000000, 0x0000000100000000)
  eden space 16384K, 100% used [0x00000000eab00000,0x00000000ebb00000,0x00000000ebb00000)
  from space 2560K, 0% used [0x00000000ebd80000,0x00000000ebd80000,0x00000000ec000000)
  to   space 2560K, 0% used [0x00000000ebb00000,0x00000000ebb00000,0x00000000ebd80000)
 ParOldGen       total 30720K, used 6209K [0x00000000c0000000, 0x00000000c1e00000, 0x00000000eab00000)
  object space 30720K, 20% used [0x00000000c0000000,0x00000000c0610428,0x00000000c1e00000)
 Metaspace       used 24385K, capacity 24704K, committed 25088K, reserved 1071104K
  class space    used 3087K, capacity 3228K, committed 3328K, reserved 1048576K
Event: 8.136 GC heap after
Heap after GC invocations=4 (full 1):
 PSYoungGen      total 18944K, used 2545K [0x00000000eab00000, 0x00000000ecd00000, 0x0000000100000000)
  eden space 16384K, 0% used [0x00000000eab00000,0x00000000eab00000,0x00000000ebb00000)
  from space 2560K, 99% used [0x00000000ebb00000,0x00000000ebd7c450,0x00000000ebd80000)
  to   space 2560K, 0% used [0x00000000eca80000,0x00000000eca80000,0x00000000ecd00000)
 ParOldGen       total 30720K, used 7704K [0x00000000c0000000, 0x00000000c1e00000, 0x00000000eab00000)
  object space 30720K, 25% used [0x00000000c0000000,0x00000000c0786108,0x00000000c1e00000)
 Metaspace       used 24385K, capacity 24704K, committed 25088K, reserved 1071104K
  class space    used 3087K, capacity 3228K, committed 3328K, reserved 1048576K
}

Deoptimization events (10 events):
Event: 7.871 Thread 0x0000000016a82000 Uncommon trap: reason=bimorphic action=maybe_recompile pc=0x00000000024b3740 method=java.util.HashMap.putVal(ILjava/lang/Object;Ljava/lang/Object;ZZ)Ljava/lang/Object; @ 91
Event: 7.871 Thread 0x0000000016a82000 Uncommon trap: reason=bimorphic action=maybe_recompile pc=0x00000000024b3740 method=java.util.HashMap.putVal(ILjava/lang/Object;Ljava/lang/Object;ZZ)Ljava/lang/Object; @ 91
Event: 7.883 Thread 0x0000000016a82000 Uncommon trap: reason=predicate action=maybe_recompile pc=0x00000000024c3380 method=java.util.regex.Pattern$Start.match(Ljava/util/regex/Matcher;ILjava/lang/CharSequence;)Z @ 37
Event: 7.945 Thread 0x0000000016a82000 Uncommon trap: reason=class_check action=maybe_recompile pc=0x0000000002546688 method=java.util.HashMap.putVal(ILjava/lang/Object;Ljava/lang/Object;ZZ)Ljava/lang/Object; @ 253
Event: 7.945 Thread 0x0000000016a82000 Uncommon trap: reason=class_check action=maybe_recompile pc=0x0000000002546688 method=java.util.HashMap.putVal(ILjava/lang/Object;Ljava/lang/Object;ZZ)Ljava/lang/Object; @ 253
Event: 7.945 Thread 0x0000000016a82000 Uncommon trap: reason=class_check action=maybe_recompile pc=0x0000000002546688 method=java.util.HashMap.putVal(ILjava/lang/Object;Ljava/lang/Object;ZZ)Ljava/lang/Object; @ 253
Event: 7.945 Thread 0x0000000016a82000 Uncommon trap: reason=class_check action=maybe_recompile pc=0x0000000002546688 method=java.util.HashMap.putVal(ILjava/lang/Object;Ljava/lang/Object;ZZ)Ljava/lang/Object; @ 253
Event: 7.954 Thread 0x0000000016a82000 Uncommon trap: reason=unstable_if action=reinterpret pc=0x0000000002534ef4 method=java.lang.String.regionMatches(ZILjava/lang/String;II)Z @ 123
Event: 8.034 Thread 0x0000000016a82000 Uncommon trap: reason=class_check action=maybe_recompile pc=0x0000000002591140 method=java.util.regex.Pattern$BmpCharProperty.match(Ljava/util/regex/Matcher;ILjava/lang/CharSequence;)Z @ 31
Event: 8.034 Thread 0x0000000016a82000 Uncommon trap: reason=unstable_if action=reinterpret pc=0x000000000259108c method=java.util.regex.Pattern$BmpCharProperty.match(Ljava/util/regex/Matcher;ILjava/lang/CharSequence;)Z @ 5

Classes redefined (0 events):
No events

Internal exceptions (10 events):
Event: 0.192 Thread 0x00000000020ce800 Exception <a 'java/security/PrivilegedActionException'> (0x00000000eac6f018) thrown at [C:\re\workspace\8-2-build-windows-amd64-cygwin\jdk8u181\11358\hotspot\src\share\vm\prims\jvm.cpp, line 1435]
Event: 0.192 Thread 0x00000000020ce800 Exception <a 'java/security/PrivilegedActionException'> (0x00000000eac6f228) thrown at [C:\re\workspace\8-2-build-windows-amd64-cygwin\jdk8u181\11358\hotspot\src\share\vm\prims\jvm.cpp, line 1435]
Event: 0.193 Thread 0x00000000020ce800 Exception <a 'java/security/PrivilegedActionException'> (0x00000000eac73138) thrown at [C:\re\workspace\8-2-build-windows-amd64-cygwin\jdk8u181\11358\hotspot\src\share\vm\prims\jvm.cpp, line 1435]
Event: 0.193 Thread 0x00000000020ce800 Exception <a 'java/security/PrivilegedActionException'> (0x00000000eac73348) thrown at [C:\re\workspace\8-2-build-windows-amd64-cygwin\jdk8u181\11358\hotspot\src\share\vm\prims\jvm.cpp, line 1435]
Event: 0.204 Thread 0x00000000020ce800 Exception <a 'java/io/FileNotFoundException'> (0x00000000eac809d8) thrown at [C:\re\workspace\8-2-build-windows-amd64-cygwin\jdk8u181\11358\hotspot\src\share\vm\prims\jni.cpp, line 709]
Event: 0.255 Thread 0x00000000020ce800 Exception <a 'java/lang/NoSuchFieldError': method resolution failed> (0x00000000ead51608) thrown at [C:\re\workspace\8-2-build-windows-amd64-cygwin\jdk8u181\11358\hotspot\src\share\vm\prims\methodHandles.cpp, line 1167]
Event: 0.260 Thread 0x00000000020ce800 Exception <a 'java/lang/NoSuchFieldError': method resolution failed> (0x00000000ead5ec28) thrown at [C:\re\workspace\8-2-build-windows-amd64-cygwin\jdk8u181\11358\hotspot\src\share\vm\prims\methodHandles.cpp, line 1167]
Event: 0.320 Thread 0x00000000020ce800 Exception <a 'java/io/FileNotFoundException'> (0x00000000eadf8648) thrown at [C:\re\workspace\8-2-build-windows-amd64-cygwin\jdk8u181\11358\hotspot\src\share\vm\prims\jni.cpp, line 709]
Event: 5.775 Thread 0x0000000016a82000 Implicit null exception at 0x0000000002396370 to 0x00000000023963cb
Event: 7.840 Thread 0x0000000016a82000 Exception <a 'java/lang/NoClassDefFoundError': javax/validation/Validation> (0x00000000eb28b210) thrown at [C:\re\workspace\8-2-build-windows-amd64-cygwin\jdk8u181\11358\hotspot\src\share\vm\classfile\systemDictionary.cpp, line 199]

Events (10 events):
Event: 8.161 loading class sun/security/x509/CertificatePolicyMap
Event: 8.161 loading class sun/security/x509/CertificatePolicyMap done
Event: 8.161 loading class sun/security/x509/PrivateKeyUsageExtension
Event: 8.162 loading class sun/security/x509/PrivateKeyUsageExtension done
Event: 8.162 loading class java/security/cert/CertificateException
Event: 8.162 loading class java/security/cert/CertificateException done
Event: 8.164 loading class sun/security/x509/AuthorityInfoAccessExtension
Event: 8.165 loading class sun/security/x509/AuthorityInfoAccessExtension done
Event: 8.165 loading class sun/security/x509/AccessDescription
Event: 8.165 loading class sun/security/x509/AccessDescription done


Dynamic libraries:
0x00007ff7d5390000 - 0x00007ff7d53c7000 	C:\Program Files\Java\jdk1.8.0_181\jre\bin\java.exe
0x00007ff9ba620000 - 0x00007ff9ba801000 	C:\Windows\SYSTEM32\ntdll.dll
0x00007ff9a1060000 - 0x00007ff9a1075000 	C:\Program Files\AVAST Software\Avast\aswhook.dll
0x00007ff9b9d90000 - 0x00007ff9b9e42000 	C:\Windows\System32\KERNEL32.DLL
0x00007ff9b6c40000 - 0x00007ff9b6eb3000 	C:\Windows\System32\KERNELBASE.dll
0x00007ff9b8070000 - 0x00007ff9b8111000 	C:\Windows\System32\ADVAPI32.dll
0x00007ff9b7c60000 - 0x00007ff9b7cfe000 	C:\Windows\System32\msvcrt.dll
0x00007ff9ba0e0000 - 0x00007ff9ba13b000 	C:\Windows\System32\sechost.dll
0x00007ff9b9be0000 - 0x00007ff9b9d04000 	C:\Windows\System32\RPCRT4.dll
0x00007ff9b7d00000 - 0x00007ff9b7e90000 	C:\Windows\System32\USER32.dll
0x00007ff9b7280000 - 0x00007ff9b72a0000 	C:\Windows\System32\win32u.dll
0x00007ff9b8040000 - 0x00007ff9b8068000 	C:\Windows\System32\GDI32.dll
0x00007ff9b7010000 - 0x00007ff9b71a2000 	C:\Windows\System32\gdi32full.dll
0x00007ff9b6f70000 - 0x00007ff9b700f000 	C:\Windows\System32\msvcp_win.dll
0x00007ff9b79b0000 - 0x00007ff9b7aaa000 	C:\Windows\System32\ucrtbase.dll
0x00007ff9a6780000 - 0x00007ff9a69e9000 	C:\Windows\WinSxS\amd64_microsoft.windows.common-controls_6595b64144ccf1df_6.0.17133.1_none_e4d992df105abfa4\COMCTL32.dll
0x00007ff9ba140000 - 0x00007ff9ba463000 	C:\Windows\System32\combase.dll
0x00007ff9b71b0000 - 0x00007ff9b722a000 	C:\Windows\System32\bcryptPrimitives.dll
0x00007ff9ba4e0000 - 0x00007ff9ba50d000 	C:\Windows\System32\IMM32.DLL
0x00000000539e0000 - 0x0000000053ab2000 	C:\Program Files\Java\jdk1.8.0_181\jre\bin\msvcr100.dll
0x0000000053ac0000 - 0x0000000054362000 	C:\Program Files\Java\jdk1.8.0_181\jre\bin\server\jvm.dll
0x00007ff9b7ab0000 - 0x00007ff9b7ab8000 	C:\Windows\System32\PSAPI.DLL
0x00007ff9ac2b0000 - 0x00007ff9ac2b9000 	C:\Windows\SYSTEM32\WSOCK32.dll
0x00007ff9ba470000 - 0x00007ff9ba4dc000 	C:\Windows\System32\WS2_32.dll
0x00007ff9b37d0000 - 0x00007ff9b37f3000 	C:\Windows\SYSTEM32\WINMM.dll
0x00007ff9b0ba0000 - 0x00007ff9b0baa000 	C:\Windows\SYSTEM32\VERSION.dll
0x00007ff9b37a0000 - 0x00007ff9b37ca000 	C:\Windows\SYSTEM32\WINMMBASE.dll
0x00007ff9b7230000 - 0x00007ff9b7279000 	C:\Windows\System32\cfgmgr32.dll
0x0000000053990000 - 0x000000005399f000 	C:\Program Files\Java\jdk1.8.0_181\jre\bin\verify.dll
0x0000000053960000 - 0x0000000053989000 	C:\Program Files\Java\jdk1.8.0_181\jre\bin\java.dll
0x0000000053940000 - 0x0000000053956000 	C:\Program Files\Java\jdk1.8.0_181\jre\bin\zip.dll
0x00007ff9b8180000 - 0x00007ff9b95c0000 	C:\Windows\System32\SHELL32.dll
0x00007ff9b7ef0000 - 0x00007ff9b7f99000 	C:\Windows\System32\shcore.dll
0x00007ff9b72a0000 - 0x00007ff9b79ad000 	C:\Windows\System32\windows.storage.dll
0x00007ff9b8120000 - 0x00007ff9b8171000 	C:\Windows\System32\shlwapi.dll
0x00007ff9b6950000 - 0x00007ff9b6961000 	C:\Windows\System32\kernel.appcore.dll
0x00007ff9b6930000 - 0x00007ff9b694f000 	C:\Windows\System32\profapi.dll
0x00007ff9b6970000 - 0x00007ff9b69bc000 	C:\Windows\System32\powrprof.dll
0x00007ff9b69c0000 - 0x00007ff9b69ca000 	C:\Windows\System32\FLTLIB.DLL
0x0000000053760000 - 0x00000000538f9000 	C:\Program Files\Java\jdk1.8.0_181\jre\bin\awt.dll
0x00007ff9ba520000 - 0x00007ff9ba5e2000 	C:\Windows\System32\OLEAUT32.dll
0x00007ff9b4cb0000 - 0x00007ff9b4d3b000 	C:\Windows\SYSTEM32\apphelp.dll
0x00007ff9b50c0000 - 0x00007ff9b50e9000 	C:\Windows\system32\DWMAPI.DLL
0x00007ff9b4e30000 - 0x00007ff9b4ec8000 	C:\Windows\system32\uxtheme.dll
0x00007ff9a5dc0000 - 0x00007ff9a5ee0000 	C:\Windows\system32\opengl32.dll
0x00007ff9b2d50000 - 0x00007ff9b2d7c000 	C:\Windows\SYSTEM32\GLU32.dll
0x00007ff9b7ac0000 - 0x00007ff9b7c35000 	C:\Windows\System32\MSCTF.dll
0x00007ff9b9a20000 - 0x00007ff9b9b71000 	C:\Windows\System32\ole32.dll
0x00007ff974c40000 - 0x00007ff974dd7000 	C:\Windows\system32\d3d9.dll
0x00007ff9b1930000 - 0x00007ff9b20ae000 	C:\Windows\SYSTEM32\d3d10warp.dll
0x0000000053710000 - 0x0000000053757000 	C:\Program Files\Java\jdk1.8.0_181\jre\bin\fontmanager.dll
0x0000000053920000 - 0x000000005393a000 	C:\Program Files\Java\jdk1.8.0_181\jre\bin\net.dll
0x00007ff9b61b0000 - 0x00007ff9b6216000 	C:\Windows\system32\mswsock.dll
0x0000000053900000 - 0x0000000053911000 	C:\Program Files\Java\jdk1.8.0_181\jre\bin\nio.dll
0x00000000536c0000 - 0x0000000053702000 	C:\Program Files\Java\jdk1.8.0_181\jre\bin\t2k.dll
0x00007ff9b7fa0000 - 0x00007ff9b8040000 	C:\Windows\System32\clbcatq.dll
0x00007ff9b2900000 - 0x00007ff9b2aae000 	C:\Windows\SYSTEM32\WindowsCodecs.dll
0x00007ff9a94e0000 - 0x00007ff9a9538000 	C:\Windows\system32\dataexchange.dll
0x00007ff9b38c0000 - 0x00007ff9b3bcb000 	C:\Windows\system32\d3d11.dll
0x00007ff9b45d0000 - 0x00007ff9b476c000 	C:\Windows\system32\dcomp.dll
0x00007ff9b56f0000 - 0x00007ff9b57ab000 	C:\Windows\system32\dxgi.dll
0x00007ff9b5250000 - 0x00007ff9b5408000 	C:\Windows\system32\twinapi.appcore.dll
0x00007ff9b51a0000 - 0x00007ff9b51c1000 	C:\Windows\system32\RMCLIENT.dll
0x00007ff9af140000 - 0x00007ff9af1d8000 	C:\Windows\System32\TextInputFramework.dll
0x00007ff9b2210000 - 0x00007ff9b252e000 	C:\Windows\System32\CoreUIComponents.dll
0x00007ff9b4ab0000 - 0x00007ff9b4b8a000 	C:\Windows\System32\CoreMessaging.dll
0x00007ff9b5a20000 - 0x00007ff9b5a51000 	C:\Windows\SYSTEM32\ntmarta.dll
0x00007ff9b2ac0000 - 0x00007ff9b2c0d000 	C:\Windows\SYSTEM32\wintypes.dll
0x0000000053660000 - 0x0000000053684000 	C:\Program Files\Java\jdk1.8.0_181\jre\bin\sunec.dll
0x00007ff9b5f30000 - 0x00007ff9b5f68000 	C:\Windows\SYSTEM32\IPHLPAPI.DLL
0x00007ff9b95c0000 - 0x00007ff9b95c8000 	C:\Windows\System32\NSI.dll
0x00007ff9b0520000 - 0x00007ff9b0536000 	C:\Windows\SYSTEM32\dhcpcsvc6.DLL
0x00007ff9b0500000 - 0x00007ff9b051a000 	C:\Windows\SYSTEM32\dhcpcsvc.DLL
0x00007ff9b07a0000 - 0x00007ff9b0969000 	C:\Windows\SYSTEM32\dbghelp.dll

VM Arguments:
jvm_args: -Dfile.encoding=UTF-8 
java_command: econometrica_priv.Econometrica_priv
java_class_path (initial): C:\Program Files\NetBeans 8.2\java\modules\ext\eclipselink\eclipselink.jar;C:\Program Files\NetBeans 8.2\java\modules\ext\eclipselink\javax.persistence_2.1.0.v201304241213.jar;C:\Program Files\NetBeans 8.2\java\modules\ext\eclipselink\org.eclipse.persistence.jpa.jpql_2.5.2.v20140319-9ad6abd.jar;C:\Program Files\NetBeans 8.2\java\modules\ext\beansbinding-1.2.1.jar;C:\Program Files\Java\jar_files\gson-2.8.2.jar;C:\Program Files\Java\jar_files\jcommon-1.0.23.jar;C:\Program Files\Java\jar_files\json-simple-1.1.jar;C:\Program Files\Java\jar_files\okhttp-3.9.0.jar;C:\Program Files\Java\jar_files\okio-1.13.0.jar;C:\Program Files\Java\jar_files\jfreechart-1.0.19\lib\jfreechart-1.0.19.jar;C:\Program Files\Java\jdk1.8.0_111\db\lib\derbyclient.jar;C:\Users\Losandas\Documents\NetBeansProjects\Econometrica_priv\build\classes
Launcher Type: SUN_STANDARD

Environment Variables:
PATH=C:\Program Files (x86)\Common Files\Oracle\Java\javapath;C:\Windows\system32;C:\Windows;C:\Windows\System32\Wbem;C:\Windows\System32\WindowsPowerShell\v1.0\;C:\Windows\System32\OpenSSH\;C:\Users\Losandas\AppData\Local\Microsoft\WindowsApps;
USERNAME=Losandas
OS=Windows_NT
PROCESSOR_IDENTIFIER=Intel64 Family 6 Model 23 Stepping 10, GenuineIntel



---------------  S Y S T E M  ---------------

OS: Windows 10.0 , 64 bit Build 17133 (10.0.17133.1)

CPU:total 4 (initial active 4) (4 cores per cpu, 1 threads per core) family 6 model 23 stepping 10, cmov, cx8, fxsr, mmx, sse, sse2, sse3, ssse3, sse4.1, tsc

Memory: 4k page, physical 4192560k(1303324k free), swap 4913456k(1487708k free)

vm_info: Java HotSpot(TM) 64-Bit Server VM (25.181-b13) for windows-amd64 JRE (1.8.0_181-b13), built on Jul  7 2018 04:01:33 by "java_re" with MS VC++ 10.0 (VS2010)

time: Thu Mar 05 17:11:19 2020
elapsed time: 8 seconds (0d 0h 0m 8s)

