#
# A fatal error has been detected by the Java Runtime Environment:
#
#  EXCEPTION_ACCESS_VIOLATION (0xc0000005) at pc=0xffffffffa3175120, pid=6544, tid=0x0000000000001494
#
# JRE version: Java(TM) SE Runtime Environment (8.0_181-b13) (build 1.8.0_181-b13)
# Java VM: Java HotSpot(TM) 64-Bit Server VM (25.181-b13 mixed mode windows-amd64 compressed oops)
# Problematic frame:
# C  0xffffffffa3175120
#
# Failed to write core dump. Minidumps are not enabled by default on client versions of Windows
#
# If you would like to submit a bug report, please visit:
#   http://bugreport.java.com/bugreport/crash.jsp
#

---------------  T H R E A D  ---------------

Current thread (0x0000000016a46000):  JavaThread "AWT-EventQueue-0" [_thread_in_Java, id=5268, stack(0x00000000175c0000,0x00000000176c0000)]

siginfo: ExceptionCode=0xc0000005, ExceptionInformation=0x0000000000000008 0xffffffffa3175120

Registers:
RAX=0x000000001cc5a080, RBX=0x000000001cc5a080, RCX=0x000000001d0ea140, RDX=0x00000000eb4d23e0
RSP=0x00000000176b86d8, RBP=0x00000000176b8750, RSI=0x00000000f38f1194, RDI=0x0000000000000020
R8 =0x00000000eb1d36d8, R9 =0x0000000000000000, R10=0x00000000561046d0, R11=0x0000000002597a80
R12=0x0000000000000000, R13=0x00000000176b86e8, R14=0x00000000176b87a0, R15=0x0000000016a46000
RIP=0xffffffffa3175120, EFLAGS=0x0000000000010202

Top of Stack: (sp=0x00000000176b86d8)
0x00000000176b86d8:   0000000002177ae0 0000000002177ae0
0x00000000176b86e8:   00000000f38f1194 0000000000000020
0x00000000176b86f8:   0000000000000000 00000000eb1d36d8
0x00000000176b8708:   00000000eb4d23e0 00000000176b8710
0x00000000176b8718:   000000001cc59ded 00000000176b87a0
0x00000000176b8728:   000000001d0ea140 000000001d218908
0x00000000176b8738:   000000001cc59e48 00000000176b86e8
0x00000000176b8748:   00000000176b8788 00000000176b87e8
0x00000000176b8758:   0000000002177e20 0000000000000000
0x00000000176b8768:   00000000546b6b04 0000000000000000
0x00000000176b8778:   0000000000000020 0000000000000000
0x00000000176b8788:   000000000fc446a5 0000000000000020
0x00000000176b8798:   00000000eb1d36d8 00000000eb4d23e0
0x00000000176b87a8:   00000000176b87a8 000000001cc59927
0x00000000176b87b8:   00000000176b8820 000000001d0ea140
0x00000000176b87c8:   0000000000000000 000000001cc59938 

Instructions: (pc=0xffffffffa3175120)
0xffffffffa3175100:   
[error occurred during error reporting (printing registers, top of stack, instructions near pc), id 0xc0000005]

Register to memory mapping:

RAX={method} {0x000000001cc5a088} 'mulAdd' '([I[IIII)I' in 'java/math/BigInteger'
RBX={method} {0x000000001cc5a088} 'mulAdd' '([I[IIII)I' in 'java/math/BigInteger'
RCX=0x000000001d0ea140 is pointing into metadata
RDX=0x00000000eb4d23e0 is an oop
[I 
 - klass: {type array int}
 - length: 64
RSP=0x00000000176b86d8 is pointing into the stack for thread: 0x0000000016a46000
RBP=0x00000000176b8750 is pointing into the stack for thread: 0x0000000016a46000
RSI=0x00000000f38f1194 is an unallocated location in the heap
RDI=0x0000000000000020 is an unknown value
R8 =0x00000000eb1d36d8 is an oop
[I 
 - klass: {type array int}
 - length: 32
R9 =0x0000000000000000 is an unknown value
R10=0x00000000561046d0 is an unknown value
R11=0x0000000002597a80 is at entry_point+0 in (nmethod*)0x0000000002597910
R12=0x0000000000000000 is an unknown value
R13=0x00000000176b86e8 is pointing into the stack for thread: 0x0000000016a46000
R14=0x00000000176b87a0 is pointing into the stack for thread: 0x0000000016a46000
R15=0x0000000016a46000 is a thread


Stack: [0x00000000175c0000,0x00000000176c0000],  sp=0x00000000176b86d8,  free space=993k
Native frames: (J=compiled Java code, j=interpreted, Vv=VM code, C=native code)
C  0xffffffffa3175120


---------------  P R O C E S S  ---------------

Java Threads: ( => current thread )
  0x0000000016c20000 JavaThread "Image Fetcher 0" daemon [_thread_blocked, id=12604, stack(0x000000001c830000,0x000000001c930000)]
  0x0000000016c0b800 JavaThread "D3D Screen Updater" daemon [_thread_blocked, id=9612, stack(0x000000001a4a0000,0x000000001a5a0000)]
  0x000000000206e800 JavaThread "DestroyJavaVM" [_thread_blocked, id=13216, stack(0x0000000001f30000,0x0000000002030000)]
=>0x0000000016a46000 JavaThread "AWT-EventQueue-0" [_thread_in_Java, id=5268, stack(0x00000000175c0000,0x00000000176c0000)]
  0x0000000016a40800 JavaThread "AWT-Windows" daemon [_thread_in_native, id=12100, stack(0x0000000017380000,0x0000000017480000)]
  0x0000000016a3b800 JavaThread "AWT-Shutdown" [_thread_blocked, id=4992, stack(0x0000000017280000,0x0000000017380000)]
  0x0000000016a3b000 JavaThread "Java2D Disposer" daemon [_thread_blocked, id=7284, stack(0x0000000017180000,0x0000000017280000)]
  0x00000000148be800 JavaThread "Service Thread" daemon [_thread_blocked, id=10904, stack(0x0000000016610000,0x0000000016710000)]
  0x0000000014874800 JavaThread "C1 CompilerThread2" daemon [_thread_blocked, id=14844, stack(0x0000000016110000,0x0000000016210000)]
  0x0000000014863000 JavaThread "C2 CompilerThread1" daemon [_thread_blocked, id=14164, stack(0x0000000016010000,0x0000000016110000)]
  0x000000001485d800 JavaThread "C2 CompilerThread0" daemon [_thread_blocked, id=2008, stack(0x0000000015f10000,0x0000000016010000)]
  0x000000001485c000 JavaThread "Attach Listener" daemon [_thread_blocked, id=15352, stack(0x0000000015e10000,0x0000000015f10000)]
  0x000000001485a800 JavaThread "Signal Dispatcher" daemon [_thread_blocked, id=7052, stack(0x0000000015d10000,0x0000000015e10000)]
  0x000000000216b800 JavaThread "Finalizer" daemon [_thread_blocked, id=1348, stack(0x0000000015ac0000,0x0000000015bc0000)]
  0x0000000002162000 JavaThread "Reference Handler" daemon [_thread_blocked, id=10844, stack(0x00000000159c0000,0x0000000015ac0000)]

Other Threads:
  0x0000000014827000 VMThread [stack: 0x00000000158c0000,0x00000000159c0000] [id=9212]
  0x0000000016251800 WatcherThread [stack: 0x0000000016710000,0x0000000016810000] [id=6256]

VM state:not at safepoint (normal execution)

VM Mutex/Monitor currently owned by a thread: None

Heap:
 PSYoungGen      total 18944K, used 10345K [0x00000000eab00000, 0x00000000ed000000, 0x0000000100000000)
  eden space 16384K, 63% used [0x00000000eab00000,0x00000000eb51a5f8,0x00000000ebb00000)
  from space 2560K, 0% used [0x00000000ebb00000,0x00000000ebb00000,0x00000000ebd80000)
  to   space 2560K, 0% used [0x00000000ecd80000,0x00000000ecd80000,0x00000000ed000000)
 ParOldGen       total 27648K, used 3592K [0x00000000c0000000, 0x00000000c1b00000, 0x00000000eab00000)
  object space 27648K, 12% used [0x00000000c0000000,0x00000000c0382190,0x00000000c1b00000)
 Metaspace       used 23735K, capacity 24008K, committed 24192K, reserved 1071104K
  class space    used 3036K, capacity 3140K, committed 3200K, reserved 1048576K

Card table byte_map: [0x0000000011530000,0x0000000011740000] byte_map_base: 0x0000000010f30000

Marking Bits: (ParMarkBitMap*) 0x0000000056122d00
 Begin Bits: [0x0000000011ca0000, 0x0000000012ca0000)
 End Bits:   [0x0000000012ca0000, 0x0000000013ca0000)

Polling page: 0x0000000001f10000

CodeCache: size=245760Kb used=4652Kb max_used=4663Kb free=241107Kb
 bounds [0x0000000002170000, 0x0000000002610000, 0x0000000011170000]
 total_blobs=2009 nmethods=1459 adapters=464
 compilation: enabled

Compilation events (10 events):
Event: 4.640 Thread 0x0000000014874800 1458       3       java.math.BigInteger::primitiveLeftShift (79 bytes)
Event: 4.640 Thread 0x0000000014874800 nmethod 1458 0x00000000025fe5d0 code [0x00000000025fe740, 0x00000000025fea50]
Event: 4.640 Thread 0x0000000014874800 1459       3       java.math.BigInteger::montReduce (99 bytes)
Event: 4.640 Thread 0x0000000014863000 nmethod 1455 0x00000000025f5ad0 code [0x00000000025f5c20, 0x00000000025f5d78]
Event: 4.640 Thread 0x0000000014863000 1456       4       java.math.BigInteger::implMulAddCheck (169 bytes)
Event: 4.641 Thread 0x0000000014874800 nmethod 1459 0x00000000025ff950 code [0x00000000025ffb20, 0x00000000026000f8]
Event: 4.641 Thread 0x0000000014874800 1460       3       java.math.BigInteger::implSquareToLen (154 bytes)
Event: 4.641 Thread 0x0000000014874800 nmethod 1460 0x00000000025fd890 code [0x00000000025fda60, 0x00000000025fdff8]
Event: 4.641 Thread 0x000000001485d800 nmethod 1457 0x00000000025fbfd0 code [0x00000000025fc120, 0x00000000025fc238]
Event: 4.641 Thread 0x0000000014863000 nmethod 1456 0x00000000025fbbd0 code [0x00000000025fbd20, 0x00000000025fbe18]

GC Heap History (8 events):
Event: 3.585 GC heap before
{Heap before GC invocations=1 (full 0):
 PSYoungGen      total 18944K, used 16374K [0x00000000eab00000, 0x00000000ec000000, 0x0000000100000000)
  eden space 16384K, 99% used [0x00000000eab00000,0x00000000ebafd9d8,0x00000000ebb00000)
  from space 2560K, 0% used [0x00000000ebd80000,0x00000000ebd80000,0x00000000ec000000)
  to   space 2560K, 0% used [0x00000000ebb00000,0x00000000ebb00000,0x00000000ebd80000)
 ParOldGen       total 44032K, used 0K [0x00000000c0000000, 0x00000000c2b00000, 0x00000000eab00000)
  object space 44032K, 0% used [0x00000000c0000000,0x00000000c0000000,0x00000000c2b00000)
 Metaspace       used 15792K, capacity 16026K, committed 16256K, reserved 1062912K
  class space    used 1964K, capacity 2078K, committed 2176K, reserved 1048576K
Event: 3.596 GC heap after
Heap after GC invocations=1 (full 0):
 PSYoungGen      total 18944K, used 2555K [0x00000000eab00000, 0x00000000ec000000, 0x0000000100000000)
  eden space 16384K, 0% used [0x00000000eab00000,0x00000000eab00000,0x00000000ebb00000)
  from space 2560K, 99% used [0x00000000ebb00000,0x00000000ebd7ef18,0x00000000ebd80000)
  to   space 2560K, 0% used [0x00000000ebd80000,0x00000000ebd80000,0x00000000ec000000)
 ParOldGen       total 44032K, used 1125K [0x00000000c0000000, 0x00000000c2b00000, 0x00000000eab00000)
  object space 44032K, 2% used [0x00000000c0000000,0x00000000c0119700,0x00000000c2b00000)
 Metaspace       used 15792K, capacity 16026K, committed 16256K, reserved 1062912K
  class space    used 1964K, capacity 2078K, committed 2176K, reserved 1048576K
}
Event: 4.041 GC heap before
{Heap before GC invocations=2 (full 0):
 PSYoungGen      total 18944K, used 18939K [0x00000000eab00000, 0x00000000ec000000, 0x0000000100000000)
  eden space 16384K, 100% used [0x00000000eab00000,0x00000000ebb00000,0x00000000ebb00000)
  from space 2560K, 99% used [0x00000000ebb00000,0x00000000ebd7ef18,0x00000000ebd80000)
  to   space 2560K, 0% used [0x00000000ebd80000,0x00000000ebd80000,0x00000000ec000000)
 ParOldGen       total 44032K, used 1125K [0x00000000c0000000, 0x00000000c2b00000, 0x00000000eab00000)
  object space 44032K, 2% used [0x00000000c0000000,0x00000000c0119700,0x00000000c2b00000)
 Metaspace       used 20003K, capacity 20250K, committed 20480K, reserved 1067008K
  class space    used 2445K, capacity 2526K, committed 2560K, reserved 1048576K
Event: 4.058 GC heap after
Heap after GC invocations=2 (full 0):
 PSYoungGen      total 18944K, used 2528K [0x00000000eab00000, 0x00000000ed000000, 0x0000000100000000)
  eden space 16384K, 0% used [0x00000000eab00000,0x00000000eab00000,0x00000000ebb00000)
  from space 2560K, 98% used [0x00000000ebd80000,0x00000000ebff8020,0x00000000ec000000)
  to   space 2560K, 0% used [0x00000000ebb00000,0x00000000ebb00000,0x00000000ebd80000)
 ParOldGen       total 44032K, used 4384K [0x00000000c0000000, 0x00000000c2b00000, 0x00000000eab00000)
  object space 44032K, 9% used [0x00000000c0000000,0x00000000c0448090,0x00000000c2b00000)
 Metaspace       used 20003K, capacity 20250K, committed 20480K, reserved 1067008K
  class space    used 2445K, capacity 2526K, committed 2560K, reserved 1048576K
}
Event: 4.202 GC heap before
{Heap before GC invocations=3 (full 0):
 PSYoungGen      total 18944K, used 7763K [0x00000000eab00000, 0x00000000ed000000, 0x0000000100000000)
  eden space 16384K, 31% used [0x00000000eab00000,0x00000000eb01cf20,0x00000000ebb00000)
  from space 2560K, 98% used [0x00000000ebd80000,0x00000000ebff8020,0x00000000ec000000)
  to   space 2560K, 0% used [0x00000000ebb00000,0x00000000ebb00000,0x00000000ebd80000)
 ParOldGen       total 44032K, used 4384K [0x00000000c0000000, 0x00000000c2b00000, 0x00000000eab00000)
  object space 44032K, 9% used [0x00000000c0000000,0x00000000c0448090,0x00000000c2b00000)
 Metaspace       used 20880K, capacity 21114K, committed 21296K, reserved 1069056K
  class space    used 2625K, capacity 2686K, committed 2688K, reserved 1048576K
Event: 4.211 GC heap after
Heap after GC invocations=3 (full 0):
 PSYoungGen      total 18944K, used 2528K [0x00000000eab00000, 0x00000000ed000000, 0x0000000100000000)
  eden space 16384K, 0% used [0x00000000eab00000,0x00000000eab00000,0x00000000ebb00000)
  from space 2560K, 98% used [0x00000000ebb00000,0x00000000ebd78040,0x00000000ebd80000)
  to   space 2560K, 0% used [0x00000000ecd80000,0x00000000ecd80000,0x00000000ed000000)
 ParOldGen       total 44032K, used 5342K [0x00000000c0000000, 0x00000000c2b00000, 0x00000000eab00000)
  object space 44032K, 12% used [0x00000000c0000000,0x00000000c0537a50,0x00000000c2b00000)
 Metaspace       used 20880K, capacity 21114K, committed 21296K, reserved 1069056K
  class space    used 2625K, capacity 2686K, committed 2688K, reserved 1048576K
}
Event: 4.211 GC heap before
{Heap before GC invocations=4 (full 1):
 PSYoungGen      total 18944K, used 2528K [0x00000000eab00000, 0x00000000ed000000, 0x0000000100000000)
  eden space 16384K, 0% used [0x00000000eab00000,0x00000000eab00000,0x00000000ebb00000)
  from space 2560K, 98% used [0x00000000ebb00000,0x00000000ebd78040,0x00000000ebd80000)
  to   space 2560K, 0% used [0x00000000ecd80000,0x00000000ecd80000,0x00000000ed000000)
 ParOldGen       total 44032K, used 5342K [0x00000000c0000000, 0x00000000c2b00000, 0x00000000eab00000)
  object space 44032K, 12% used [0x00000000c0000000,0x00000000c0537a50,0x00000000c2b00000)
 Metaspace       used 20880K, capacity 21114K, committed 21296K, reserved 1069056K
  class space    used 2625K, capacity 2686K, committed 2688K, reserved 1048576K
Event: 4.246 GC heap after
Heap after GC invocations=4 (full 1):
 PSYoungGen      total 18944K, used 0K [0x00000000eab00000, 0x00000000ed000000, 0x0000000100000000)
  eden space 16384K, 0% used [0x00000000eab00000,0x00000000eab00000,0x00000000ebb00000)
  from space 2560K, 0% used [0x00000000ebb00000,0x00000000ebb00000,0x00000000ebd80000)
  to   space 2560K, 0% used [0x00000000ecd80000,0x00000000ecd80000,0x00000000ed000000)
 ParOldGen       total 27648K, used 3592K [0x00000000c0000000, 0x00000000c1b00000, 0x00000000eab00000)
  object space 27648K, 12% used [0x00000000c0000000,0x00000000c0382190,0x00000000c1b00000)
 Metaspace       used 20880K, capacity 21114K, committed 21296K, reserved 1069056K
  class space    used 2625K, capacity 2686K, committed 2688K, reserved 1048576K
}

Deoptimization events (10 events):
Event: 4.434 Thread 0x0000000016a46000 Uncommon trap: reason=bimorphic action=maybe_recompile pc=0x000000000256eef8 method=java.util.HashMap.putVal(ILjava/lang/Object;Ljava/lang/Object;ZZ)Ljava/lang/Object; @ 91
Event: 4.434 Thread 0x0000000016a46000 Uncommon trap: reason=bimorphic action=maybe_recompile pc=0x000000000256eef8 method=java.util.HashMap.putVal(ILjava/lang/Object;Ljava/lang/Object;ZZ)Ljava/lang/Object; @ 91
Event: 4.447 Thread 0x0000000016a46000 Uncommon trap: reason=predicate action=maybe_recompile pc=0x000000000250f168 method=java.util.regex.Pattern$Start.match(Ljava/util/regex/Matcher;ILjava/lang/CharSequence;)Z @ 37
Event: 4.516 Thread 0x0000000016a46000 Uncommon trap: reason=class_check action=maybe_recompile pc=0x0000000002570080 method=java.util.HashMap.putVal(ILjava/lang/Object;Ljava/lang/Object;ZZ)Ljava/lang/Object; @ 253
Event: 4.516 Thread 0x0000000016a46000 Uncommon trap: reason=class_check action=maybe_recompile pc=0x0000000002570080 method=java.util.HashMap.putVal(ILjava/lang/Object;Ljava/lang/Object;ZZ)Ljava/lang/Object; @ 253
Event: 4.516 Thread 0x0000000016a46000 Uncommon trap: reason=class_check action=maybe_recompile pc=0x0000000002570080 method=java.util.HashMap.putVal(ILjava/lang/Object;Ljava/lang/Object;ZZ)Ljava/lang/Object; @ 253
Event: 4.516 Thread 0x0000000016a46000 Uncommon trap: reason=class_check action=maybe_recompile pc=0x0000000002570080 method=java.util.HashMap.putVal(ILjava/lang/Object;Ljava/lang/Object;ZZ)Ljava/lang/Object; @ 253
Event: 4.529 Thread 0x0000000016a46000 Uncommon trap: reason=unstable_if action=reinterpret pc=0x0000000002580b34 method=java.lang.String.regionMatches(ZILjava/lang/String;II)Z @ 123
Event: 4.612 Thread 0x0000000016a46000 Uncommon trap: reason=unstable_if action=reinterpret pc=0x0000000002528fc8 method=java.io.WinNTFileSystem.normalize(Ljava/lang/String;)Ljava/lang/String; @ 128
Event: 4.631 Thread 0x0000000016a46000 Uncommon trap: reason=unstable_if action=reinterpret pc=0x00000000025e15d4 method=java.util.regex.Pattern$BmpCharProperty.match(Ljava/util/regex/Matcher;ILjava/lang/CharSequence;)Z @ 5

Classes redefined (0 events):
No events

Internal exceptions (10 events):
Event: 0.189 Thread 0x000000000206e800 Exception <a 'java/security/PrivilegedActionException'> (0x00000000eac6d5d0) thrown at [C:\re\workspace\8-2-build-windows-amd64-cygwin\jdk8u181\11358\hotspot\src\share\vm\prims\jvm.cpp, line 1435]
Event: 0.189 Thread 0x000000000206e800 Exception <a 'java/security/PrivilegedActionException'> (0x00000000eac6d7e0) thrown at [C:\re\workspace\8-2-build-windows-amd64-cygwin\jdk8u181\11358\hotspot\src\share\vm\prims\jvm.cpp, line 1435]
Event: 0.190 Thread 0x000000000206e800 Exception <a 'java/security/PrivilegedActionException'> (0x00000000eac716f0) thrown at [C:\re\workspace\8-2-build-windows-amd64-cygwin\jdk8u181\11358\hotspot\src\share\vm\prims\jvm.cpp, line 1435]
Event: 0.190 Thread 0x000000000206e800 Exception <a 'java/security/PrivilegedActionException'> (0x00000000eac71900) thrown at [C:\re\workspace\8-2-build-windows-amd64-cygwin\jdk8u181\11358\hotspot\src\share\vm\prims\jvm.cpp, line 1435]
Event: 0.200 Thread 0x000000000206e800 Exception <a 'java/io/FileNotFoundException'> (0x00000000eac81048) thrown at [C:\re\workspace\8-2-build-windows-amd64-cygwin\jdk8u181\11358\hotspot\src\share\vm\prims\jni.cpp, line 709]
Event: 0.253 Thread 0x000000000206e800 Exception <a 'java/lang/NoSuchFieldError': method resolution failed> (0x00000000ead51948) thrown at [C:\re\workspace\8-2-build-windows-amd64-cygwin\jdk8u181\11358\hotspot\src\share\vm\prims\methodHandles.cpp, line 1167]
Event: 0.256 Thread 0x000000000206e800 Exception <a 'java/lang/NoSuchFieldError': method resolution failed> (0x00000000ead5ed48) thrown at [C:\re\workspace\8-2-build-windows-amd64-cygwin\jdk8u181\11358\hotspot\src\share\vm\prims\methodHandles.cpp, line 1167]
Event: 0.360 Thread 0x0000000016a46000 Exception <a 'java/io/FileNotFoundException'> (0x00000000eaed4060) thrown at [C:\re\workspace\8-2-build-windows-amd64-cygwin\jdk8u181\11358\hotspot\src\share\vm\prims\jni.cpp, line 709]
Event: 2.323 Thread 0x0000000016a46000 Implicit null exception at 0x0000000002406b30 to 0x0000000002406b8b
Event: 4.401 Thread 0x0000000016a46000 Exception <a 'java/lang/NoClassDefFoundError': javax/validation/Validation> (0x00000000eb13c8b0) thrown at [C:\re\workspace\8-2-build-windows-amd64-cygwin\jdk8u181\11358\hotspot\src\share\vm\classfile\systemDictionary.cpp, line 199]

Events (10 events):
Event: 4.635 loading class sun/security/provider/DSA done
Event: 4.635 loading class sun/security/provider/DSA$SHA1withDSA done
Event: 4.635 loading class java/security/NoSuchAlgorithmException
Event: 4.636 loading class java/security/NoSuchAlgorithmException done
Event: 4.636 loading class java/security/interfaces/DSAParams
Event: 4.636 loading class java/security/interfaces/DSAParams done
Event: 4.636 loading class java/security/spec/DSAParameterSpec
Event: 4.636 loading class java/security/spec/DSAParameterSpec done
Event: 4.636 loading class java/math/SignedMutableBigInteger
Event: 4.636 loading class java/math/SignedMutableBigInteger done


Dynamic libraries:
0x00007ff75dc10000 - 0x00007ff75dc47000 	C:\Program Files\Java\jdk1.8.0_181\jre\bin\java.exe
0x00007fff46c30000 - 0x00007fff46e11000 	C:\Windows\SYSTEM32\ntdll.dll
0x00007fff24370000 - 0x00007fff24384000 	C:\Program Files\AVAST Software\Avast\aswhook.dll
0x00007fff44a60000 - 0x00007fff44b12000 	C:\Windows\System32\KERNEL32.DLL
0x00007fff43000000 - 0x00007fff43273000 	C:\Windows\System32\KERNELBASE.dll
0x00007fff46050000 - 0x00007fff460f1000 	C:\Windows\System32\ADVAPI32.dll
0x00007fff46830000 - 0x00007fff468ce000 	C:\Windows\System32\msvcrt.dll
0x00007fff44800000 - 0x00007fff4485b000 	C:\Windows\System32\sechost.dll
0x00007fff46700000 - 0x00007fff46824000 	C:\Windows\System32\RPCRT4.dll
0x00007fff462a0000 - 0x00007fff46430000 	C:\Windows\System32\USER32.dll
0x00007fff440a0000 - 0x00007fff440c0000 	C:\Windows\System32\win32u.dll
0x00007fff46100000 - 0x00007fff46128000 	C:\Windows\System32\GDI32.dll
0x00007fff43c10000 - 0x00007fff43da2000 	C:\Windows\System32\gdi32full.dll
0x00007fff43460000 - 0x00007fff434ff000 	C:\Windows\System32\msvcp_win.dll
0x00007fff43fa0000 - 0x00007fff4409a000 	C:\Windows\System32\ucrtbase.dll
0x00007fff326e0000 - 0x00007fff32949000 	C:\Windows\WinSxS\amd64_microsoft.windows.common-controls_6595b64144ccf1df_6.0.17133.1_none_e4d992df105abfa4\COMCTL32.dll
0x00007fff468d0000 - 0x00007fff46bf3000 	C:\Windows\System32\combase.dll
0x00007fff43280000 - 0x00007fff432fa000 	C:\Windows\System32\bcryptPrimitives.dll
0x00007fff46130000 - 0x00007fff4615d000 	C:\Windows\System32\IMM32.DLL
0x0000000055820000 - 0x00000000558f2000 	C:\Program Files\Java\jdk1.8.0_181\jre\bin\msvcr100.dll
0x0000000055900000 - 0x00000000561a2000 	C:\Program Files\Java\jdk1.8.0_181\jre\bin\server\jvm.dll
0x00007fff46290000 - 0x00007fff46298000 	C:\Windows\System32\PSAPI.DLL
0x00007fff3bbc0000 - 0x00007fff3bbc9000 	C:\Windows\SYSTEM32\WSOCK32.dll
0x00007fff44b20000 - 0x00007fff44b8c000 	C:\Windows\System32\WS2_32.dll
0x00007fff40c90000 - 0x00007fff40cb3000 	C:\Windows\SYSTEM32\WINMM.dll
0x00007fff3d270000 - 0x00007fff3d27a000 	C:\Windows\SYSTEM32\VERSION.dll
0x00007fff40c60000 - 0x00007fff40c8a000 	C:\Windows\SYSTEM32\WINMMBASE.dll
0x00007fff433b0000 - 0x00007fff433f9000 	C:\Windows\System32\cfgmgr32.dll
0x0000000056350000 - 0x000000005635f000 	C:\Program Files\Java\jdk1.8.0_181\jre\bin\verify.dll
0x00000000557b0000 - 0x00000000557d9000 	C:\Program Files\Java\jdk1.8.0_181\jre\bin\java.dll
0x0000000055790000 - 0x00000000557a6000 	C:\Program Files\Java\jdk1.8.0_181\jre\bin\zip.dll
0x00007fff44c10000 - 0x00007fff46050000 	C:\Windows\System32\SHELL32.dll
0x00007fff46160000 - 0x00007fff46209000 	C:\Windows\System32\shcore.dll
0x00007fff43500000 - 0x00007fff43c0d000 	C:\Windows\System32\windows.storage.dll
0x00007fff46520000 - 0x00007fff46571000 	C:\Windows\System32\shlwapi.dll
0x00007fff42f80000 - 0x00007fff42f91000 	C:\Windows\System32\kernel.appcore.dll
0x00007fff42f40000 - 0x00007fff42f5f000 	C:\Windows\System32\profapi.dll
0x00007fff42fb0000 - 0x00007fff42ffc000 	C:\Windows\System32\powrprof.dll
0x00007fff42fa0000 - 0x00007fff42faa000 	C:\Windows\System32\FLTLIB.DLL
0x00000000555b0000 - 0x0000000055749000 	C:\Program Files\Java\jdk1.8.0_181\jre\bin\awt.dll
0x00007fff44520000 - 0x00007fff445e2000 	C:\Windows\System32\OLEAUT32.dll
0x00007fff412c0000 - 0x00007fff4134b000 	C:\Windows\SYSTEM32\apphelp.dll
0x00007fff41430000 - 0x00007fff414c8000 	C:\Windows\system32\uxtheme.dll
0x00007fff46580000 - 0x00007fff466f5000 	C:\Windows\System32\MSCTF.dll
0x00007fff416d0000 - 0x00007fff416f9000 	C:\Windows\system32\dwmapi.dll
0x00007fff44860000 - 0x00007fff449b1000 	C:\Windows\System32\ole32.dll
0x00007fff045f0000 - 0x00007fff04710000 	C:\Windows\system32\opengl32.dll
0x00007fff349e0000 - 0x00007fff34a0c000 	C:\Windows\SYSTEM32\GLU32.dll
0x00007ffef9fe0000 - 0x00007ffefa177000 	C:\Windows\system32\d3d9.dll
0x00007fff3deb0000 - 0x00007fff3e62e000 	C:\Windows\SYSTEM32\d3d10warp.dll
0x0000000055560000 - 0x00000000555a7000 	C:\Program Files\Java\jdk1.8.0_181\jre\bin\fontmanager.dll
0x0000000055770000 - 0x000000005578a000 	C:\Program Files\Java\jdk1.8.0_181\jre\bin\net.dll
0x00007fff427c0000 - 0x00007fff42826000 	C:\Windows\system32\mswsock.dll
0x0000000055750000 - 0x0000000055761000 	C:\Program Files\Java\jdk1.8.0_181\jre\bin\nio.dll
0x0000000055510000 - 0x0000000055552000 	C:\Program Files\Java\jdk1.8.0_181\jre\bin\t2k.dll
0x00007fff3bd00000 - 0x00007fff3bd98000 	C:\Windows\System32\TextInputFramework.dll
0x00007fff3e800000 - 0x00007fff3eb1e000 	C:\Windows\System32\CoreUIComponents.dll
0x00007fff40d80000 - 0x00007fff40e5a000 	C:\Windows\System32\CoreMessaging.dll
0x00007fff42030000 - 0x00007fff42061000 	C:\Windows\SYSTEM32\ntmarta.dll
0x00007fff3f0e0000 - 0x00007fff3f22d000 	C:\Windows\SYSTEM32\wintypes.dll
0x00007fff449c0000 - 0x00007fff44a60000 	C:\Windows\System32\clbcatq.dll
0x0000000055480000 - 0x00000000554a4000 	C:\Program Files\Java\jdk1.8.0_181\jre\bin\sunec.dll
0x00007fff42540000 - 0x00007fff42578000 	C:\Windows\SYSTEM32\IPHLPAPI.DLL
0x00007fff447f0000 - 0x00007fff447f8000 	C:\Windows\System32\NSI.dll
0x00007fff3cdf0000 - 0x00007fff3ce06000 	C:\Windows\SYSTEM32\dhcpcsvc6.DLL
0x00007fff3cdd0000 - 0x00007fff3cdea000 	C:\Windows\SYSTEM32\dhcpcsvc.DLL
0x00007fff3ce40000 - 0x00007fff3d009000 	C:\Windows\SYSTEM32\dbghelp.dll

VM Arguments:
jvm_args: -Dfile.encoding=UTF-8 
java_command: Econometrica.Econometrica
java_class_path (initial): C:\Program Files\Java\jdk1.8.0_181\db-derby-10.14.2.0-bin;C:\Program Files\NetBeans 8.2\java\modules\ext\eclipselink\eclipselink.jar;C:\Program Files\NetBeans 8.2\java\modules\ext\eclipselink\javax.persistence_2.1.0.v201304241213.jar;C:\Program Files\NetBeans 8.2\java\modules\ext\eclipselink\org.eclipse.persistence.jpa.jpql_2.5.2.v20140319-9ad6abd.jar;C:\Program Files\Java\jar_files\okio-1.13.0.jar;C:\Program Files\Java\jar_files\okhttp-3.9.0.jar;C:\Program Files\Java\jar_files\gson-2.8.2.jar;C:\Program Files\NetBeans 8.2\java\modules\ext\beansbinding-1.2.1.jar;C:\Program Files\Java\jdk1.8.0_181\db-derby-10.14.2.0-bin\lib\derbyclient.jar;C:\Program Files\Java\jar_files\json-simple-1.1.jar;C:\Users\Losandas\Documents\NetBeansProjects\Econometrica\build\classes
Launcher Type: SUN_STANDARD

Environment Variables:
PATH=C:\Program Files (x86)\Common Files\Oracle\Java\javapath;C:\Windows\system32;C:\Windows;C:\Windows\System32\Wbem;C:\Windows\System32\WindowsPowerShell\v1.0\;C:\Windows\System32\OpenSSH\;C:\Users\Losandas\AppData\Local\Microsoft\WindowsApps;
USERNAME=Losandas
OS=Windows_NT
PROCESSOR_IDENTIFIER=Intel64 Family 6 Model 23 Stepping 10, GenuineIntel



---------------  S Y S T E M  ---------------

OS: Windows 10.0 , 64 bit Build 17133 (10.0.17133.1)

CPU:total 4 (initial active 4) (4 cores per cpu, 1 threads per core) family 6 model 23 stepping 10, cmov, cx8, fxsr, mmx, sse, sse2, sse3, ssse3, sse4.1, tsc

Memory: 4k page, physical 4192560k(860860k free), swap 5106216k(1020788k free)

vm_info: Java HotSpot(TM) 64-Bit Server VM (25.181-b13) for windows-amd64 JRE (1.8.0_181-b13), built on Jul  7 2018 04:01:33 by "java_re" with MS VC++ 10.0 (VS2010)

time: Sun Feb 23 16:55:18 2020
elapsed time: 4 seconds (0d 0h 0m 4s)

